<?xml version="1.0" encoding="UTF-8"?>
<!-- Generated by org.testng.reporters.JUnitReportReporter -->
<testsuite hostname="Thoushika" failures="0" tests="4" name="Tests.main" time="5.193" errors="0" timestamp="2025-03-28T12:41:15 IST" skipped="0">
  <testcase classname="Tests.main" name="loginTest" time="2.730"/>
  <testcase classname="Tests.main" name="addToCartTest" time="0.362"/>
  <testcase classname="Tests.main" name="removeFromCartTest" time="0.007"/>
  <testcase classname="Tests.main" name="checkoutTest" time="2.094"/>
</testsuite> <!-- Tests.main -->
