<?xml version="1.0" encoding="UTF-8"?>
<!-- Generated by org.testng.reporters.JUnitReportReporter -->
<testsuite hostname="Thoushika" failures="0" tests="1" name="com.TestngAssessment.NewTest" time="0.014" errors="0" timestamp="2025-03-28T08:58:58 IST" skipped="0">
  <testcase classname="com.TestngAssessment.NewTest" name="f" time="0.014"/>
</testsuite> <!-- com.TestngAssessment.NewTest -->
