<?xml version="1.0" encoding="UTF-8"?>
<!-- Generated by org.testng.reporters.JUnitReportReporter -->
<testsuite hostname="Thoushika" failures="0" tests="3" name="Tests.LoginTest" time="6.884" errors="0" timestamp="2025-03-28T15:51:09 IST" skipped="0">
  <testcase classname="Tests.LoginTest" name="testLogin" time="3.179"/>
  <testcase classname="Tests.LoginTest" name="testLogin" time="1.729"/>
  <testcase classname="Tests.LoginTest" name="testLogin" time="1.976"/>
</testsuite> <!-- Tests.LoginTest -->
